{"uid":"981970e377bb4b27","name":"user can add product to basket","fullName":"tests.test_product_page.TestUserAddToBasketFromProductPage#test_user_can_add_product_to_basket","historyId":"f6ebbaa286efebb3b62d7b9e51ff92c9","time":{"start":1761438332808,"stop":1761438336739,"duration":3931},"status":"skipped","statusMessage":"XFAIL Bug in fixing process...\n\nAssertionError: Basket price message: '£619.69' is not correct","statusTrace":"self = <test_product_page.TestUserAddToBasketFromProductPage object at 0x7f2ab0b16210>\n\n    @allure.title(\"user can add product to basket\")\n    @pytest.mark.xfail(reason=\"Bug in fixing process...\")\n    def test_user_can_add_product_to_basket(self) -> None:\n        self.product_page.open()\n        self.product_page.add_product_to_basket()\n        self.product_page.should_be_product_title_in_message()\n>       self.product_page.should_be_product_price_in_message()\n\ntest_product_page.py:22: \n_ _ _ _ _ _ _ _ _ _ _ _ _ _ _ _ _ _ _ _ _ _ _ _ _ _ _ _ _ _ _ _ _ _ _ _ _ _ _ _ \n\nself = <pages.product_page.ProductPage object at 0x7f2ab0cfd950>\n\n    @allure.step(\"should be product price in message\")\n    def should_be_product_price_in_message(self) -> None:\n        product_price = self.driver.find_element(*ProductPageLocators.PRODUCT_PRICE).text\n        basket_price_message = self.wait.until(\n            EC.presence_of_element_located(ProductPageLocators.MESSAGE_BASKET_PRICE)).text\n>       assert product_price == basket_price_message, \\\n               ^^^^^^^^^^^^^^^^^^^^^^^^^^^^^^^^^^^^^\n            f\"Basket price message: '{basket_price_message}' is not correct\"\nE       AssertionError: Basket price message: '£619.69' is not correct\n\n../pages/product_page.py:35: AssertionError","flaky":false,"newFailed":false,"newBroken":false,"newPassed":false,"retriesCount":0,"retriesStatusChange":false,"beforeStages":[{"name":"driver","time":{"start":1761438329186,"stop":1761438329578,"duration":392},"status":"passed","steps":[],"attachments":[],"parameters":[],"shouldDisplayMessage":false,"attachmentsCount":0,"stepsCount":0,"hasContent":false,"attachmentStep":false},{"name":"Preparing to user login...","time":{"start":1761438329578,"stop":1761438332807,"duration":3229},"status":"passed","steps":[{"name":"Should be user icon","time":{"start":1761438330784,"stop":1761438332807,"duration":2023},"status":"passed","steps":[],"attachments":[],"parameters":[],"shouldDisplayMessage":false,"attachmentsCount":0,"stepsCount":0,"hasContent":false,"attachmentStep":false}],"attachments":[],"parameters":[],"shouldDisplayMessage":false,"attachmentsCount":0,"stepsCount":1,"hasContent":true,"attachmentStep":false},{"name":"setup","time":{"start":1761438332807,"stop":1761438332807,"duration":0},"status":"passed","steps":[],"attachments":[],"parameters":[],"shouldDisplayMessage":false,"attachmentsCount":0,"stepsCount":0,"hasContent":false,"attachmentStep":false}],"testStage":{"status":"skipped","statusMessage":"XFAIL Bug in fixing process...\n\nAssertionError: Basket price message: '£619.69' is not correct","statusTrace":"self = <test_product_page.TestUserAddToBasketFromProductPage object at 0x7f2ab0b16210>\n\n    @allure.title(\"user can add product to basket\")\n    @pytest.mark.xfail(reason=\"Bug in fixing process...\")\n    def test_user_can_add_product_to_basket(self) -> None:\n        self.product_page.open()\n        self.product_page.add_product_to_basket()\n        self.product_page.should_be_product_title_in_message()\n>       self.product_page.should_be_product_price_in_message()\n\ntest_product_page.py:22: \n_ _ _ _ _ _ _ _ _ _ _ _ _ _ _ _ _ _ _ _ _ _ _ _ _ _ _ _ _ _ _ _ _ _ _ _ _ _ _ _ \n\nself = <pages.product_page.ProductPage object at 0x7f2ab0cfd950>\n\n    @allure.step(\"should be product price in message\")\n    def should_be_product_price_in_message(self) -> None:\n        product_price = self.driver.find_element(*ProductPageLocators.PRODUCT_PRICE).text\n        basket_price_message = self.wait.until(\n            EC.presence_of_element_located(ProductPageLocators.MESSAGE_BASKET_PRICE)).text\n>       assert product_price == basket_price_message, \\\n               ^^^^^^^^^^^^^^^^^^^^^^^^^^^^^^^^^^^^^\n            f\"Basket price message: '{basket_price_message}' is not correct\"\nE       AssertionError: Basket price message: '£619.69' is not correct\n\n../pages/product_page.py:35: AssertionError","steps":[{"name":"open 'https://selenium1py.pythonanywhere.com/catalogue/coders-at-work_207/' page","time":{"start":1761438332808,"stop":1761438334424,"duration":1616},"status":"passed","steps":[],"attachments":[],"parameters":[],"shouldDisplayMessage":false,"attachmentsCount":0,"stepsCount":0,"hasContent":false,"attachmentStep":false},{"name":"add product to basket","time":{"start":1761438334424,"stop":1761438334489,"duration":65},"status":"passed","steps":[],"attachments":[],"parameters":[],"shouldDisplayMessage":false,"attachmentsCount":0,"stepsCount":0,"hasContent":false,"attachmentStep":false},{"name":"should be product title in message","time":{"start":1761438334489,"stop":1761438336709,"duration":2220},"status":"passed","steps":[],"attachments":[],"parameters":[],"shouldDisplayMessage":false,"attachmentsCount":0,"stepsCount":0,"hasContent":false,"attachmentStep":false},{"name":"should be product price in message","time":{"start":1761438336709,"stop":1761438336739,"duration":30},"status":"failed","statusMessage":"AssertionError: Basket price message: '£619.69' is not correct\n","statusTrace":"  File \"/usr/local/lib/python3.13/site-packages/allure_commons/_allure.py\", line 202, in impl\n    return func(*a, **kw)\n  File \"/usr/workspace/pages/product_page.py\", line 35, in should_be_product_price_in_message\n    assert product_price == basket_price_message, \\\n           ^^^^^^^^^^^^^^^^^^^^^^^^^^^^^^^^^^^^^\n","steps":[],"attachments":[],"parameters":[],"shouldDisplayMessage":true,"attachmentsCount":0,"stepsCount":0,"hasContent":true,"attachmentStep":false}],"attachments":[],"parameters":[],"shouldDisplayMessage":true,"attachmentsCount":0,"stepsCount":4,"hasContent":true,"attachmentStep":false},"afterStages":[{"name":"driver::0","time":{"start":1761438336746,"stop":1761438336807,"duration":61},"status":"passed","steps":[],"attachments":[],"parameters":[],"shouldDisplayMessage":false,"attachmentsCount":0,"stepsCount":0,"hasContent":false,"attachmentStep":false}],"labels":[{"name":"feature","value":"User add item to basket from product page"},{"name":"tag","value":"user"},{"name":"parentSuite","value":"tests"},{"name":"suite","value":"test_product_page"},{"name":"subSuite","value":"TestUserAddToBasketFromProductPage"},{"name":"host","value":"4a3ed066f150"},{"name":"thread","value":"1-MainThread"},{"name":"framework","value":"pytest"},{"name":"language","value":"cpython3"},{"name":"package","value":"tests.test_product_page"},{"name":"resultFormat","value":"allure2"}],"parameters":[],"links":[],"hidden":false,"retry":false,"extra":{"severity":"normal","retries":[],"categories":[],"history":{"statistic":{"failed":0,"broken":0,"skipped":2,"passed":0,"unknown":0,"total":2},"items":[{"uid":"ffd89cf40dfa13fa","status":"skipped","statusDetails":"XFAIL Bug in fixing process...\n\nAssertionError: Basket price message: '£599.70' is not correct","time":{"start":1761435550507,"stop":1761435553278,"duration":2771}}]},"tags":["user"]},"source":"981970e377bb4b27.json","parameterValues":[]}