{"uid":"b042a8393b58af5f","name":"message disappeared after adding product to basket","fullName":"tests.test_product_page.TestProductPageGuest#test_message_disappeared_after_adding_product_to_basket","historyId":"c3f2cab5622020ad2a48bdc551943ef7","time":{"start":1761681961574,"stop":1761681964324,"duration":2750},"status":"skipped","statusMessage":"XFAIL Bug in fixing process...\n\nAssertionError: Success message is presented, but should dissapeared","statusTrace":"self = <test_product_page.TestProductPageGuest object at 0x7f393da71f90>\n\n    @allure.severity(\"minor\")\n    @allure.title(\"message disappeared after adding product to basket\")\n    @pytest.mark.xfail(reason=\"Bug in fixing process...\")\n    def test_message_disappeared_after_adding_product_to_basket(self) -> None:\n        self.product_page.open()\n        self.product_page.add_product_to_basket()\n>       self.product_page.should_disappear_message()\n\ntest_product_page.py:42: \n_ _ _ _ _ _ _ _ _ _ _ _ _ _ _ _ _ _ _ _ _ _ _ _ _ _ _ _ _ _ _ _ _ _ _ _ _ _ _ _ \n\nself = <pages.product_page.ProductPage object at 0x7f393dc003d0>\n\n    @allure.step(\"should disappear message\")\n    def should_disappear_message(self) -> None:\n>       assert self.is_disappeared is True, \\\n               ^^^^^^^^^^^^^^^^^^^^^^^^^^^\n            \"Success message is presented, but should dissapeared\"\nE       AssertionError: Success message is presented, but should dissapeared\n\n../pages/product_page.py:57: AssertionError","flaky":false,"newFailed":false,"newBroken":false,"newPassed":false,"retriesCount":0,"retriesStatusChange":false,"beforeStages":[{"name":"driver","time":{"start":1761681961166,"stop":1761681961573,"duration":407},"status":"passed","steps":[],"attachments":[],"parameters":[],"shouldDisplayMessage":false,"attachmentsCount":0,"attachmentStep":false,"stepsCount":0,"hasContent":false},{"name":"setup","time":{"start":1761681961574,"stop":1761681961574,"duration":0},"status":"passed","steps":[],"attachments":[],"parameters":[],"shouldDisplayMessage":false,"attachmentsCount":0,"attachmentStep":false,"stepsCount":0,"hasContent":false}],"testStage":{"status":"skipped","statusMessage":"XFAIL Bug in fixing process...\n\nAssertionError: Success message is presented, but should dissapeared","statusTrace":"self = <test_product_page.TestProductPageGuest object at 0x7f393da71f90>\n\n    @allure.severity(\"minor\")\n    @allure.title(\"message disappeared after adding product to basket\")\n    @pytest.mark.xfail(reason=\"Bug in fixing process...\")\n    def test_message_disappeared_after_adding_product_to_basket(self) -> None:\n        self.product_page.open()\n        self.product_page.add_product_to_basket()\n>       self.product_page.should_disappear_message()\n\ntest_product_page.py:42: \n_ _ _ _ _ _ _ _ _ _ _ _ _ _ _ _ _ _ _ _ _ _ _ _ _ _ _ _ _ _ _ _ _ _ _ _ _ _ _ _ \n\nself = <pages.product_page.ProductPage object at 0x7f393dc003d0>\n\n    @allure.step(\"should disappear message\")\n    def should_disappear_message(self) -> None:\n>       assert self.is_disappeared is True, \\\n               ^^^^^^^^^^^^^^^^^^^^^^^^^^^\n            \"Success message is presented, but should dissapeared\"\nE       AssertionError: Success message is presented, but should dissapeared\n\n../pages/product_page.py:57: AssertionError","steps":[{"name":"open 'https://selenium1py.pythonanywhere.com/catalogue/coders-at-work_207/' page","time":{"start":1761681961574,"stop":1761681962986,"duration":1412},"status":"passed","steps":[],"attachments":[],"parameters":[],"shouldDisplayMessage":false,"attachmentsCount":0,"attachmentStep":false,"stepsCount":0,"hasContent":false},{"name":"add product to basket","time":{"start":1761681962986,"stop":1761681964324,"duration":1338},"status":"passed","steps":[],"attachments":[],"parameters":[],"shouldDisplayMessage":false,"attachmentsCount":0,"attachmentStep":false,"stepsCount":0,"hasContent":false},{"name":"should disappear message","time":{"start":1761681964324,"stop":1761681964324,"duration":0},"status":"failed","statusMessage":"AssertionError: Success message is presented, but should dissapeared\n","statusTrace":"  File \"/usr/local/lib/python3.13/site-packages/allure_commons/_allure.py\", line 202, in impl\n    return func(*a, **kw)\n  File \"/usr/workspace/pages/product_page.py\", line 57, in should_disappear_message\n    assert self.is_disappeared is True, \\\n           ^^^^^^^^^^^^^^^^^^^^^^^^^^^\n","steps":[],"attachments":[],"parameters":[],"shouldDisplayMessage":true,"attachmentsCount":0,"attachmentStep":false,"stepsCount":0,"hasContent":true}],"attachments":[],"parameters":[],"shouldDisplayMessage":true,"attachmentsCount":0,"attachmentStep":false,"stepsCount":3,"hasContent":true},"afterStages":[{"name":"driver::0","time":{"start":1761681964331,"stop":1761681964392,"duration":61},"status":"passed","steps":[],"attachments":[],"parameters":[],"shouldDisplayMessage":false,"attachmentsCount":0,"attachmentStep":false,"stepsCount":0,"hasContent":false}],"labels":[{"name":"severity","value":"minor"},{"name":"feature","value":"Product page functionality"},{"name":"parentSuite","value":"tests"},{"name":"suite","value":"test_product_page"},{"name":"subSuite","value":"TestProductPageGuest"},{"name":"host","value":"ed954162a01f"},{"name":"thread","value":"1-MainThread"},{"name":"framework","value":"pytest"},{"name":"language","value":"cpython3"},{"name":"package","value":"tests.test_product_page"},{"name":"resultFormat","value":"allure2"}],"parameters":[],"links":[],"hidden":false,"retry":false,"extra":{"severity":"minor","retries":[],"categories":[],"history":{"statistic":{"failed":0,"broken":0,"skipped":5,"passed":0,"unknown":0,"total":5},"items":[{"uid":"d60fdce6514e9d6e","status":"skipped","statusDetails":"XFAIL Bug in fixing process...\n\nAssertionError: Success message is presented, but should dissapeared","time":{"start":1761616134105,"stop":1761616135667,"duration":1562}},{"uid":"a225fafcbff7d74f","status":"skipped","statusDetails":"XFAIL Bug in fixing process...\n\nAssertionError: Success message is presented, but should dissapeared","time":{"start":1761612341769,"stop":1761612342824,"duration":1055}},{"uid":"3ebbba7e6bccee0e","status":"skipped","statusDetails":"Skipped: unconditional skip","time":{"start":1761438336810,"stop":1761438336810,"duration":0}},{"uid":"198f6a78d6f1f903","status":"skipped","statusDetails":"Skipped: unconditional skip","time":{"start":1761435553372,"stop":1761435553372,"duration":0}}]},"tags":[]},"source":"b042a8393b58af5f.json","parameterValues":[]}