{"uid":"f1509cc45674be18","name":"guest can not see success message after adding product to basket","fullName":"tests.test_product_page.TestProductPageGuest#test_guest_cant_see_success_message_after_adding_product_to_basket","historyId":"6446f671d742b81ce17fccfc7f0efd21","time":{"start":1761616131937,"stop":1761616133630,"duration":1693},"status":"skipped","statusMessage":"XFAIL Bug in fixing process...\n\nAssertionError: Success message is presented, but should not be","statusTrace":"self = <test_product_page.TestProductPageGuest object at 0x7fab6d10e0d0>\n\n    @allure.title(\"guest can not see success message after adding product to basket\")\n    @pytest.mark.xfail(reason=\"Bug in fixing process...\")\n    def test_guest_cant_see_success_message_after_adding_product_to_basket(self) -> None:\n        self.product_page.open()\n        self.product_page.add_product_to_basket()\n>       self.product_page.should_not_be_success_message()\n\ntest_product_page.py:34: \n_ _ _ _ _ _ _ _ _ _ _ _ _ _ _ _ _ _ _ _ _ _ _ _ _ _ _ _ _ _ _ _ _ _ _ _ _ _ _ _ \n\nself = <pages.product_page.ProductPage object at 0x7fab6d1dd7c0>\n\n    @allure.step(\"should be success message\")\n    def should_not_be_success_message(self) -> None:\n>       assert self.is_not_element_present(ProductPageLocators.SUCCESS_MESSAGE), \\\n               ^^^^^^^^^^^^^^^^^^^^^^^^^^^^^^^^^^^^^^^^^^^^^^^^^^^^^^^^^^^^^^^^\n            \"Success message is presented, but should not be\"\nE       AssertionError: Success message is presented, but should not be\n\n../pages/product_page.py:52: AssertionError","flaky":false,"newFailed":false,"newBroken":false,"newPassed":false,"retriesCount":0,"retriesStatusChange":false,"beforeStages":[{"name":"driver","time":{"start":1761616131551,"stop":1761616131936,"duration":385},"status":"passed","steps":[],"attachments":[],"parameters":[],"shouldDisplayMessage":false,"attachmentsCount":0,"stepsCount":0,"hasContent":false,"attachmentStep":false},{"name":"setup","time":{"start":1761616131936,"stop":1761616131937,"duration":1},"status":"passed","steps":[],"attachments":[],"parameters":[],"shouldDisplayMessage":false,"attachmentsCount":0,"stepsCount":0,"hasContent":false,"attachmentStep":false}],"testStage":{"status":"skipped","statusMessage":"XFAIL Bug in fixing process...\n\nAssertionError: Success message is presented, but should not be","statusTrace":"self = <test_product_page.TestProductPageGuest object at 0x7fab6d10e0d0>\n\n    @allure.title(\"guest can not see success message after adding product to basket\")\n    @pytest.mark.xfail(reason=\"Bug in fixing process...\")\n    def test_guest_cant_see_success_message_after_adding_product_to_basket(self) -> None:\n        self.product_page.open()\n        self.product_page.add_product_to_basket()\n>       self.product_page.should_not_be_success_message()\n\ntest_product_page.py:34: \n_ _ _ _ _ _ _ _ _ _ _ _ _ _ _ _ _ _ _ _ _ _ _ _ _ _ _ _ _ _ _ _ _ _ _ _ _ _ _ _ \n\nself = <pages.product_page.ProductPage object at 0x7fab6d1dd7c0>\n\n    @allure.step(\"should be success message\")\n    def should_not_be_success_message(self) -> None:\n>       assert self.is_not_element_present(ProductPageLocators.SUCCESS_MESSAGE), \\\n               ^^^^^^^^^^^^^^^^^^^^^^^^^^^^^^^^^^^^^^^^^^^^^^^^^^^^^^^^^^^^^^^^\n            \"Success message is presented, but should not be\"\nE       AssertionError: Success message is presented, but should not be\n\n../pages/product_page.py:52: AssertionError","steps":[{"name":"open 'https://selenium1py.pythonanywhere.com/catalogue/coders-at-work_207/' page","time":{"start":1761616131937,"stop":1761616132885,"duration":948},"status":"passed","steps":[],"attachments":[],"parameters":[],"shouldDisplayMessage":false,"attachmentsCount":0,"stepsCount":0,"hasContent":false,"attachmentStep":false},{"name":"add product to basket","time":{"start":1761616132885,"stop":1761616132958,"duration":73},"status":"passed","steps":[],"attachments":[],"parameters":[],"shouldDisplayMessage":false,"attachmentsCount":0,"stepsCount":0,"hasContent":false,"attachmentStep":false},{"name":"should be success message","time":{"start":1761616132958,"stop":1761616133629,"duration":671},"status":"failed","statusMessage":"AssertionError: Success message is presented, but should not be\n","statusTrace":"  File \"/usr/local/lib/python3.13/site-packages/allure_commons/_allure.py\", line 202, in impl\n    return func(*a, **kw)\n  File \"/usr/workspace/pages/product_page.py\", line 52, in should_not_be_success_message\n    assert self.is_not_element_present(ProductPageLocators.SUCCESS_MESSAGE), \\\n           ~~~~~~~~~~~~~~~~~~~~~~~~~~~^^^^^^^^^^^^^^^^^^^^^^^^^^^^^^^^^^^^^\n","steps":[],"attachments":[],"parameters":[],"shouldDisplayMessage":true,"attachmentsCount":0,"stepsCount":0,"hasContent":true,"attachmentStep":false}],"attachments":[],"parameters":[],"shouldDisplayMessage":true,"attachmentsCount":0,"stepsCount":3,"hasContent":true,"attachmentStep":false},"afterStages":[{"name":"driver::0","time":{"start":1761616133635,"stop":1761616133696,"duration":61},"status":"passed","steps":[],"attachments":[],"parameters":[],"shouldDisplayMessage":false,"attachmentsCount":0,"stepsCount":0,"hasContent":false,"attachmentStep":false}],"labels":[{"name":"feature","value":"Product page functionality"},{"name":"parentSuite","value":"tests"},{"name":"suite","value":"test_product_page"},{"name":"subSuite","value":"TestProductPageGuest"},{"name":"host","value":"c082220d9881"},{"name":"thread","value":"1-MainThread"},{"name":"framework","value":"pytest"},{"name":"language","value":"cpython3"},{"name":"package","value":"tests.test_product_page"},{"name":"resultFormat","value":"allure2"}],"parameters":[],"links":[],"hidden":false,"retry":false,"extra":{"severity":"normal","retries":[],"categories":[],"history":{"statistic":{"failed":0,"broken":0,"skipped":4,"passed":0,"unknown":0,"total":4},"items":[{"uid":"a251292e51f8b540","status":"skipped","statusDetails":"XFAIL Bug in fixing process...\n\nAssertionError: Success message is presented, but should not be","time":{"start":1761612340223,"stop":1761612341338,"duration":1115}},{"uid":"51997f7ece2e4a8c","status":"skipped","statusDetails":"Skipped: unconditional skip","time":{"start":1761438336808,"stop":1761438336808,"duration":0}},{"uid":"3baa8f28dfb7aa8e","status":"skipped","statusDetails":"Skipped: unconditional skip","time":{"start":1761435553371,"stop":1761435553371,"duration":0}}]},"tags":[]},"source":"f1509cc45674be18.json","parameterValues":[]}